Vivado Simulator 2019.1
Copyright 1986-1999, 2001-2019 Xilinx, Inc. All Rights Reserved.
Running: /ad/eng/opt/xilinx/Vivado/2019.1/Vivado/2019.1/bin/unwrapped/lnx64.o/xelab -wto db26566f0bd64358905dc01a5fbff5e3 --incr --debug typical --relax --mt 8 -L blk_mem_gen_v8_4_3 -L xil_defaultlib -L unisims_ver -L unimacro_ver -L secureip -L xpm --snapshot test_mem_controller_behav xil_defaultlib.test_mem_controller xil_defaultlib.glbl -log elaborate.log 
Using 8 slave threads.
Starting static elaboration
WARNING: [VRFC 10-3091] actual bit length 19 differs from formal bit length 13 for port 'addra' [/ad/eng/users/w/k/wkrska/Documents/EC551/EC551_Project/frame_buffer/frame_buffer.srcs/sources_1/new/mem_controller.v:63]
Completed static elaboration
Starting simulation data flow analysis
Completed simulation data flow analysis
Time Resolution for simulation is 1ps
Compiling module blk_mem_gen_v8_4_3.blk_mem_gen_v8_4_3_output_stage(...
Compiling module blk_mem_gen_v8_4_3.blk_mem_gen_v8_4_3_output_stage(...
Compiling module blk_mem_gen_v8_4_3.blk_mem_gen_v8_4_3_softecc_outpu...
Compiling module blk_mem_gen_v8_4_3.blk_mem_gen_v8_4_3_mem_module(C_...
Compiling module blk_mem_gen_v8_4_3.blk_mem_axi_regs_fwd_v8_4(C_DATA...
Compiling module blk_mem_gen_v8_4_3.blk_mem_gen_v8_4_3(C_FAMILY="art...
Compiling module xil_defaultlib.partial_buffer
Compiling module blk_mem_gen_v8_4_3.blk_mem_gen_v8_4_3_output_stage(...
Compiling module blk_mem_gen_v8_4_3.blk_mem_gen_v8_4_3_softecc_outpu...
Compiling module blk_mem_gen_v8_4_3.blk_mem_gen_v8_4_3_mem_module(C_...
Compiling module blk_mem_gen_v8_4_3.blk_mem_gen_v8_4_3(C_FAMILY="art...
Compiling module xil_defaultlib.full_buffer
Compiling module xil_defaultlib.mem_controller
Compiling module xil_defaultlib.test_mem_controller
Compiling module xil_defaultlib.glbl
Built simulation snapshot test_mem_controller_behav
